[36mvite v5.4.21 [32mbuilding for production...[36m[39m
transforming...
[32m✓[39m 3 modules transformed.
[31mx[39m Build failed in 394ms
[31merror during build:
[31m[vite:esbuild] Transform failed with 1 error:
C:/Users/sumit/Desktop/WAY2AVAILWEBSITE/src/App.jsx:30:18: ERROR: Unexpected closing "Route" tag does not match opening "Routes" tag[31m
file: [36mC:/Users/sumit/Desktop/WAY2AVAILWEBSITE/src/App.jsx:30:18[31m
[33m
[33mUnexpected closing "Route" tag does not match opening "Routes" tag[33m
28 |                      <Route path="/" element={<Home />} />
29 |                      <Route path="/portal" element={<Portal />} />
30 |                  </Route>
   |                    ^
31 |              </div>
32 |          </Router>
[31m
    at failureErrorWithLog (C:\Users\sumit\Desktop\WAY2AVAILWEBSITE\node_modules\esbuild\lib\main.js:1472:15)
    at C:\Users\sumit\Desktop\WAY2AVAILWEBSITE\node_modules\esbuild\lib\main.js:755:50
    at responseCallbacks.<computed> (C:\Users\sumit\Desktop\WAY2AVAILWEBSITE\node_modules\esbuild\lib\main.js:622:9)
    at handleIncomingPacket (C:\Users\sumit\Desktop\WAY2AVAILWEBSITE\node_modules\esbuild\lib\main.js:677:12)
    at Socket.readFromStdout (C:\Users\sumit\Desktop\WAY2AVAILWEBSITE\node_modules\esbuild\lib\main.js:600:7)
    at Socket.emit (node:events:508:28)
    at addChunk (node:internal/streams/readable:563:12)
    at readableAddChunkPushByteMode (node:internal/streams/readable:514:3)
    at Readable.push (node:internal/streams/readable:394:5)
    at Pipe.onStreamRead (node:internal/stream_base_commons:189:23)[39m
